[backblue.gif]
[fade.gif]
[index.html]
[www.finma.ch/Frontend/Finma/assets/img/icon/apple-touch-icon.png]
[www.finma.ch/Frontend/Finma/assets/img/icon/apple-touch-icon-precomposed.png]
[www.finma.ch/Frontend/Finma/assets/img/icon/tile-icon.png]
[www.finma.ch/Frontend/Finma/assets/js/app/modernizr.custom.js]
[www.finma.ch/layouts/system/VisitorIdentification.js]
[www.finma.ch/_/media/finma/images/logo/FINMA Logoa802.png]
[www.finma.ch/_/media/finma/images/menuicons/FINMA_ICON_Bewilligungce0e.png]
[www.finma.ch/_/media/finma/images/menuicons/FINMA_ICON_Ueberwachung52c6.png]
[www.finma.ch/_/media/finma/images/menuicons/FINMA_ICON_Durchsetzung1261.png]
[www.finma.ch/_/media/finma/images/menuicons/FINMA_ICON_Dokumentation84ec.png]
[www.finma.ch/_/media/finma/images/menuicons/FINMA_ICON_Behoerde7b6c.png]
[www.finma.ch/Frontend/Finma/assets/img/content/background-image-grey.png]
[www.finma.ch/Frontend/Finma/build/app.min3b7f.js]
[www.finma.ch/en/news/2023/02/20230228-mm-greensill/index.html]
[www.finma.ch/Frontend/Finma/build/assets/font/722105/7d3671fc-8c26-459c-98e1-997c4f6c8c93.eot]
[www.finma.ch/Frontend/Finma/build/assets/font/722105/7d3671fc-8c26-459c-98e1-997c4f6c8c93d41d.eot]
[www.finma.ch/Frontend/Finma/build/assets/font/722105/2a004a53-ac5c-43b3-9eeb-9f74ae4c1609.woff]
[www.finma.ch/Frontend/Finma/build/assets/font/722105/74d53f3b-1683-4d5a-a556-e13f6553cdf0.ttf]
[www.finma.ch/Frontend/Finma/build/assets/font/722117/af97a512-f55a-4f61-b2ce-659c883930fc.eot]
[www.finma.ch/Frontend/Finma/build/assets/font/722117/af97a512-f55a-4f61-b2ce-659c883930fcd41d.eot]
[www.finma.ch/Frontend/Finma/build/assets/font/722117/3fbbd6b1-cfa7-4ff0-97ea-af1b2c489f15.woff]
[www.finma.ch/Frontend/Finma/build/assets/font/722117/076311f8-a01b-4389-a5eb-334a62e62d45.ttf]
[www.finma.ch/Frontend/Finma/build/assets/font/722129/fbd7c0fb-f004-4e83-81d2-1d400413a873.eot]
[www.finma.ch/Frontend/Finma/build/assets/font/722129/fbd7c0fb-f004-4e83-81d2-1d400413a873d41d.eot]
[www.finma.ch/Frontend/Finma/build/assets/font/722129/9aa32a81-1124-4c43-b3db-15bfb1f7aed2.woff]
[www.finma.ch/Frontend/Finma/build/assets/font/722129/6faffbf4-f8e8-4817-b24b-a390e166be7e.ttf]
[www.finma.ch/Frontend/Finma/build/assets/font/5619026/95eb22f5-f6a9-4d27-bf1e-0c12bbcd5de3.woff2]
[www.finma.ch/Frontend/Finma/build/assets/font/5619026/0d94f4c5-cef8-494e-ba6e-88e78868a9ba.woff]
[www.finma.ch/Frontend/Finma/build/assets/font/finma/finma.eot]
[www.finma.ch/Frontend/Finma/build/assets/font/finma/finmad41d.eot]
[www.finma.ch/Frontend/Finma/build/assets/font/finma/finma.woff]
[www.finma.ch/Frontend/Finma/build/assets/font/finma/finma.ttf]
[www.finma.ch/Frontend/Finma/build/assets/img/content/calendar.png]
[www.finma.ch/Frontend/Finma/build/assets/img/content/line.png]
[www.finma.ch/Frontend/Finma/build/app.min3b7f.css]
[www.finma.ch/Frontend/Finma/build/assets/font/722105/3f5a5b87-e71e-4544-be0c-da4daa132710.svg]
[www.finma.ch/Frontend/Finma/build/assets/font/722117/c59a36ab-4ef8-4ee1-a2f8-48aa79d4f877.svg]
[www.finma.ch/Frontend/Finma/build/assets/font/722129/fc09de64-de25-425e-90dc-a0cae29b02c4.svg]
[www.finma.ch/Frontend/Finma/build/assets/font/finma/finma.svg]
